<?xml version="1.0" encoding="UTF-8"?>
<coverage generated="1562558719248" clover="3.2.0">
  <project timestamp="1562558719248" name="All files">
    <metrics statements="22" coveredstatements="20" conditionals="0" coveredconditionals="0" methods="5" coveredmethods="3" elements="27" coveredelements="23" complexity="0" loc="22" ncloc="22" packages="1" files="1" classes="1"/>
    <file name="Card.js" path="/Users/shihabudheenus/Documents/shihabudheen-us-news-app/src/components/HomePage/Card.js">
      <metrics statements="22" coveredstatements="20" conditionals="0" coveredconditionals="0" methods="5" coveredmethods="3"/>
      <line num="1" count="2" type="stmt"/>
      <line num="2" count="2" type="stmt"/>
      <line num="3" count="2" type="stmt"/>
      <line num="4" count="2" type="stmt"/>
      <line num="5" count="2" type="stmt"/>
      <line num="6" count="2" type="stmt"/>
      <line num="7" count="2" type="stmt"/>
      <line num="9" count="2" type="stmt"/>
      <line num="19" count="6" type="stmt"/>
      <line num="21" count="60" type="stmt"/>
      <line num="22" count="2" type="stmt"/>
      <line num="25" count="3" type="stmt"/>
      <line num="27" count="3" type="stmt"/>
      <line num="29" count="3" type="stmt"/>
      <line num="31" count="3" type="stmt"/>
      <line num="33" count="3" type="stmt"/>
      <line num="35" count="3" type="stmt"/>
      <line num="36" count="0" type="stmt"/>
      <line num="39" count="3" type="stmt"/>
      <line num="42" count="0" type="stmt"/>
      <line num="51" count="2" type="stmt"/>
      <line num="65" count="2" type="stmt"/>
    </file>
  </project>
</coverage>
