{"/Users/shihabudheenus/Documents/shihabudheen-us-news-app/src/App.js": {"path":"/Users/shihabudheenus/Documents/shihabudheen-us-news-app/src/App.js","statementMap":{"0":{"start":{"line":1,"column":42},"end":{"line":1,"column":97}},"1":{"start":{"line":1,"column":128},"end":{"line":1,"column":184}},"2":{"start":{"line":1,"column":185},"end":{"line":1,"column":247}},"3":{"start":{"line":1,"column":247},"end":{"line":1,"column":272}},"4":{"start":{"line":1,"column":295},"end":{"line":1,"column":367}},"5":{"start":{"line":1,"column":388},"end":{"line":1,"column":457}},"6":{"start":{"line":1,"column":492},"end":{"line":1,"column":575}},"7":{"start":{"line":1,"column":599},"end":{"line":1,"column":671}},"8":{"start":{"line":1,"column":689},"end":{"line":1,"column":755}},"9":{"start":{"line":2,"column":13},"end":{"line":2,"column":54}},"10":{"start":{"line":3,"column":18},"end":{"line":3,"column":40}},"11":{"start":{"line":4,"column":13},"end":{"line":4,"column":31}},"12":{"start":{"line":5,"column":14},"end":{"line":5,"column":40}},"13":{"start":{"line":5,"column":60},"end":{"line":5,"column":129}},"14":{"start":{"line":7,"column":12},"end":{"line":7,"column":35}},"15":{"start":{"line":9,"column":6},"end":{"line":17,"column":40}},"16":{"start":{"line":9,"column":29},"end":{"line":9,"column":70}},"17":{"start":{"line":9,"column":86},"end":{"line":9,"column":127}},"18":{"start":{"line":9,"column":127},"end":{"line":9,"column":240}},"19":{"start":{"line":9,"column":241},"end":{"line":17,"column":10}},"20":{"start":{"line":12,"column":6},"end":{"line":14,"column":113}},"21":{"start":{"line":17,"column":10},"end":{"line":17,"column":21}},"22":{"start":{"line":22,"column":0},"end":{"line":22,"column":3}},"23":{"start":{"line":22,"column":4},"end":{"line":22,"column":31}}},"fnMap":{"0":{"name":"(anonymous_0)","decl":{"start":{"line":9,"column":6},"end":{"line":9,"column":7}},"loc":{"start":{"line":9,"column":28},"end":{"line":17,"column":22}},"line":9},"1":{"name":"App","decl":{"start":{"line":9,"column":79},"end":{"line":9,"column":82}},"loc":{"start":{"line":9,"column":85},"end":{"line":9,"column":241}},"line":9},"2":{"name":"render","decl":{"start":{"line":9,"column":307},"end":{"line":9,"column":313}},"loc":{"start":{"line":11,"column":4},"end":{"line":17,"column":5}},"line":11}},"branchMap":{},"s":{"0":0,"1":0,"2":0,"3":0,"4":0,"5":0,"6":0,"7":0,"8":0,"9":0,"10":0,"11":0,"12":0,"13":0,"14":0,"15":0,"16":0,"17":0,"18":0,"19":0,"20":0,"21":0,"22":0,"23":0},"f":{"0":0,"1":0,"2":0},"b":{},"hash":"7efe38cf49ab3adbc86d1003b0dab274a4b31248"}
,"/Users/shihabudheenus/Documents/shihabudheen-us-news-app/src/app/DetailsPage/DetailsPage.js": {"path":"/Users/shihabudheenus/Documents/shihabudheen-us-news-app/src/app/DetailsPage/DetailsPage.js","statementMap":{"0":{"start":{"line":1,"column":42},"end":{"line":1,"column":97}},"1":{"start":{"line":1,"column":128},"end":{"line":1,"column":184}},"2":{"start":{"line":1,"column":185},"end":{"line":1,"column":247}},"3":{"start":{"line":1,"column":247},"end":{"line":1,"column":272}},"4":{"start":{"line":1,"column":295},"end":{"line":1,"column":367}},"5":{"start":{"line":1,"column":388},"end":{"line":1,"column":457}},"6":{"start":{"line":1,"column":492},"end":{"line":1,"column":575}},"7":{"start":{"line":1,"column":599},"end":{"line":1,"column":671}},"8":{"start":{"line":1,"column":689},"end":{"line":1,"column":755}},"9":{"start":{"line":2,"column":13},"end":{"line":2,"column":54}},"10":{"start":{"line":3,"column":19},"end":{"line":3,"column":42}},"11":{"start":{"line":4,"column":18},"end":{"line":4,"column":40}},"12":{"start":{"line":5,"column":17},"end":{"line":5,"column":62}},"13":{"start":{"line":7,"column":19},"end":{"line":7,"column":58}},"14":{"start":{"line":8,"column":17},"end":{"line":8,"column":43}},"15":{"start":{"line":8,"column":63},"end":{"line":8,"column":156}},"16":{"start":{"line":10,"column":14},"end":{"line":54,"column":48}},"17":{"start":{"line":10,"column":37},"end":{"line":10,"column":86}},"18":{"start":{"line":10,"column":110},"end":{"line":10,"column":159}},"19":{"start":{"line":10,"column":159},"end":{"line":10,"column":280}},"20":{"start":{"line":10,"column":281},"end":{"line":54,"column":10}},"21":{"start":{"line":36,"column":6},"end":{"line":36,"column":32}},"22":{"start":{"line":36,"column":44},"end":{"line":36,"column":74}},"23":{"start":{"line":36,"column":84},"end":{"line":36,"column":112}},"24":{"start":{"line":36,"column":130},"end":{"line":36,"column":166}},"25":{"start":{"line":36,"column":176},"end":{"line":36,"column":204}},"26":{"start":{"line":36,"column":213},"end":{"line":36,"column":240}},"27":{"start":{"line":36,"column":247},"end":{"line":36,"column":272}},"28":{"start":{"line":36,"column":284},"end":{"line":36,"column":314}},"29":{"start":{"line":38,"column":23},"end":{"line":38,"column":31}},"30":{"start":{"line":40,"column":19},"end":{"line":46,"column":24}},"31":{"start":{"line":48,"column":6},"end":{"line":51,"column":162}},"32":{"start":{"line":54,"column":10},"end":{"line":54,"column":29}},"33":{"start":{"line":54,"column":49},"end":{"line":54,"column":323}},"34":{"start":{"line":54,"column":94},"end":{"line":54,"column":321}},"35":{"start":{"line":57,"column":0},"end":{"line":65,"column":45}},"36":{"start":{"line":69,"column":22},"end":{"line":72,"column":1}},"37":{"start":{"line":69,"column":70},"end":{"line":69,"column":84}},"38":{"start":{"line":70,"column":20},"end":{"line":70,"column":45}},"39":{"start":{"line":71,"column":2},"end":{"line":71,"column":46}},"40":{"start":{"line":74,"column":0},"end":{"line":77,"column":12}},"41":{"start":{"line":77,"column":13},"end":{"line":77,"column":40}}},"fnMap":{"0":{"name":"(anonymous_0)","decl":{"start":{"line":10,"column":14},"end":{"line":10,"column":15}},"loc":{"start":{"line":10,"column":36},"end":{"line":54,"column":30}},"line":10},"1":{"name":"DetailsPage","decl":{"start":{"line":10,"column":95},"end":{"line":10,"column":106}},"loc":{"start":{"line":10,"column":109},"end":{"line":10,"column":281}},"line":10},"2":{"name":"render","decl":{"start":{"line":10,"column":355},"end":{"line":10,"column":361}},"loc":{"start":{"line":25,"column":4},"end":{"line":54,"column":5}},"line":25},"3":{"name":"(anonymous_3)","decl":{"start":{"line":54,"column":81},"end":{"line":54,"column":82}},"loc":{"start":{"line":54,"column":93},"end":{"line":54,"column":322}},"line":54},"4":{"name":"mapStateToProps","decl":{"start":{"line":69,"column":31},"end":{"line":69,"column":46}},"loc":{"start":{"line":69,"column":53},"end":{"line":72,"column":1}},"line":69}},"branchMap":{},"s":{"0":0,"1":0,"2":0,"3":0,"4":0,"5":0,"6":0,"7":0,"8":0,"9":0,"10":0,"11":0,"12":0,"13":0,"14":0,"15":0,"16":0,"17":0,"18":0,"19":0,"20":0,"21":0,"22":0,"23":0,"24":0,"25":0,"26":0,"27":0,"28":0,"29":0,"30":0,"31":0,"32":0,"33":0,"34":0,"35":0,"36":0,"37":0,"38":0,"39":0,"40":0,"41":0},"f":{"0":0,"1":0,"2":0,"3":0,"4":0},"b":{},"hash":"964e212e4007eb0905387f9ed5b9b5265c2310ae"}
,"/Users/shihabudheenus/Documents/shihabudheen-us-news-app/src/app/DetailsPage/store/reducer.js": {"path":"/Users/shihabudheenus/Documents/shihabudheen-us-news-app/src/app/DetailsPage/store/reducer.js","statementMap":{"0":{"start":{"line":1,"column":42},"end":{"line":1,"column":97}},"1":{"start":{"line":1,"column":98},"end":{"line":1,"column":160}},"2":{"start":{"line":1,"column":160},"end":{"line":1,"column":196}},"3":{"start":{"line":1,"column":219},"end":{"line":1,"column":291}},"4":{"start":{"line":1,"column":306},"end":{"line":1,"column":332}},"5":{"start":{"line":1,"column":365},"end":{"line":1,"column":900}},"6":{"start":{"line":1,"column":378},"end":{"line":1,"column":379}},"7":{"start":{"line":1,"column":409},"end":{"line":1,"column":899}},"8":{"start":{"line":1,"column":434},"end":{"line":1,"column":474}},"9":{"start":{"line":1,"column":489},"end":{"line":1,"column":508}},"10":{"start":{"line":1,"column":509},"end":{"line":1,"column":719}},"11":{"start":{"line":1,"column":566},"end":{"line":1,"column":718}},"12":{"start":{"line":1,"column":651},"end":{"line":1,"column":714}},"13":{"start":{"line":1,"column":719},"end":{"line":1,"column":810}},"14":{"start":{"line":1,"column":751},"end":{"line":1,"column":807}},"15":{"start":{"line":1,"column":818},"end":{"line":1,"column":898}},"16":{"start":{"line":1,"column":900},"end":{"line":1,"column":914}},"17":{"start":{"line":3,"column":19},"end":{"line":3,"column":21}},"18":{"start":{"line":5,"column":25},"end":{"line":13,"column":1}},"19":{"start":{"line":5,"column":68},"end":{"line":5,"column":148}},"20":{"start":{"line":5,"column":162},"end":{"line":5,"column":209}},"21":{"start":{"line":6,"column":2},"end":{"line":11,"column":20}},"22":{"start":{"line":8,"column":6},"end":{"line":8,"column":75}},"23":{"start":{"line":11,"column":6},"end":{"line":11,"column":19}},"24":{"start":{"line":13,"column":2},"end":{"line":13,"column":50}}},"fnMap":{"0":{"name":"_objectSpread","decl":{"start":{"line":1,"column":342},"end":{"line":1,"column":355}},"loc":{"start":{"line":1,"column":364},"end":{"line":1,"column":915}},"line":1},"1":{"name":"(anonymous_1)","decl":{"start":{"line":1,"column":635},"end":{"line":1,"column":636}},"loc":{"start":{"line":1,"column":650},"end":{"line":1,"column":715}},"line":1},"2":{"name":"(anonymous_2)","decl":{"start":{"line":1,"column":735},"end":{"line":1,"column":736}},"loc":{"start":{"line":1,"column":750},"end":{"line":1,"column":808}},"line":1},"3":{"name":"detailsPageReducer","decl":{"start":{"line":5,"column":34},"end":{"line":5,"column":52}},"loc":{"start":{"line":5,"column":55},"end":{"line":13,"column":1}},"line":5}},"branchMap":{"0":{"loc":{"start":{"line":1,"column":409},"end":{"line":1,"column":899}},"type":"if","locations":[{"start":{"line":1,"column":409},"end":{"line":1,"column":899}},{"start":{"line":1,"column":409},"end":{"line":1,"column":899}}],"line":1},"1":{"loc":{"start":{"line":1,"column":434},"end":{"line":1,"column":474}},"type":"cond-expr","locations":[{"start":{"line":1,"column":457},"end":{"line":1,"column":469}},{"start":{"line":1,"column":472},"end":{"line":1,"column":474}}],"line":1},"2":{"loc":{"start":{"line":1,"column":509},"end":{"line":1,"column":719}},"type":"if","locations":[{"start":{"line":1,"column":509},"end":{"line":1,"column":719}},{"start":{"line":1,"column":509},"end":{"line":1,"column":719}}],"line":1},"3":{"loc":{"start":{"line":5,"column":68},"end":{"line":5,"column":148}},"type":"cond-expr","locations":[{"start":{"line":5,"column":121},"end":{"line":5,"column":133}},{"start":{"line":5,"column":136},"end":{"line":5,"column":148}}],"line":5},"4":{"loc":{"start":{"line":5,"column":68},"end":{"line":5,"column":118}},"type":"binary-expr","locations":[{"start":{"line":5,"column":68},"end":{"line":5,"column":88}},{"start":{"line":5,"column":92},"end":{"line":5,"column":118}}],"line":5},"5":{"loc":{"start":{"line":5,"column":162},"end":{"line":5,"column":209}},"type":"cond-expr","locations":[{"start":{"line":5,"column":185},"end":{"line":5,"column":197}},{"start":{"line":5,"column":200},"end":{"line":5,"column":209}}],"line":5},"6":{"loc":{"start":{"line":6,"column":2},"end":{"line":11,"column":20}},"type":"switch","locations":[{"start":{"line":7,"column":4},"end":{"line":8,"column":75}},{"start":{"line":10,"column":4},"end":{"line":11,"column":19}}],"line":6}},"s":{"0":1,"1":1,"2":1,"3":1,"4":1,"5":1,"6":1,"7":2,"8":1,"9":1,"10":1,"11":1,"12":0,"13":1,"14":0,"15":1,"16":1,"17":1,"18":1,"19":3,"20":3,"21":3,"22":1,"23":2,"24":1},"f":{"0":1,"1":0,"2":0,"3":3},"b":{"0":[1,1],"1":[1,0],"2":[1,0],"3":[2,1],"4":[3,3],"5":[3,0],"6":[1,2]},"_coverageSchema":"43e27e138ebf9cfc5966b082cf9a028302ed4184","hash":"145b92e467d4001a453b993a364daff859ae7a10"}
,"/Users/shihabudheenus/Documents/shihabudheen-us-news-app/src/app/HomePage/HomePage.js": {"path":"/Users/shihabudheenus/Documents/shihabudheen-us-news-app/src/app/HomePage/HomePage.js","statementMap":{"0":{"start":{"line":1,"column":42},"end":{"line":1,"column":97}},"1":{"start":{"line":1,"column":128},"end":{"line":1,"column":184}},"2":{"start":{"line":1,"column":185},"end":{"line":1,"column":247}},"3":{"start":{"line":1,"column":247},"end":{"line":1,"column":272}},"4":{"start":{"line":1,"column":295},"end":{"line":1,"column":367}},"5":{"start":{"line":1,"column":388},"end":{"line":1,"column":457}},"6":{"start":{"line":1,"column":492},"end":{"line":1,"column":575}},"7":{"start":{"line":1,"column":599},"end":{"line":1,"column":671}},"8":{"start":{"line":1,"column":689},"end":{"line":1,"column":755}},"9":{"start":{"line":3,"column":13},"end":{"line":3,"column":54}},"10":{"start":{"line":4,"column":19},"end":{"line":4,"column":91}},"11":{"start":{"line":5,"column":19},"end":{"line":5,"column":42}},"12":{"start":{"line":6,"column":18},"end":{"line":6,"column":40}},"13":{"start":{"line":7,"column":17},"end":{"line":7,"column":62}},"14":{"start":{"line":8,"column":13},"end":{"line":8,"column":31}},"15":{"start":{"line":9,"column":14},"end":{"line":9,"column":48}},"16":{"start":{"line":10,"column":16},"end":{"line":10,"column":52}},"17":{"start":{"line":11,"column":17},"end":{"line":11,"column":43}},"18":{"start":{"line":11,"column":63},"end":{"line":11,"column":150}},"19":{"start":{"line":13,"column":13},"end":{"line":15,"column":16}},"20":{"start":{"line":19,"column":11},"end":{"line":82,"column":45}},"21":{"start":{"line":19,"column":34},"end":{"line":19,"column":80}},"22":{"start":{"line":21,"column":38},"end":{"line":21,"column":84}},"23":{"start":{"line":22,"column":4},"end":{"line":22,"column":118}},"24":{"start":{"line":22,"column":118},"end":{"line":56,"column":6}},"25":{"start":{"line":53,"column":6},"end":{"line":53,"column":17}},"26":{"start":{"line":53,"column":36},"end":{"line":53,"column":63}},"27":{"start":{"line":53,"column":77},"end":{"line":53,"column":99}},"28":{"start":{"line":54,"column":6},"end":{"line":54,"column":28}},"29":{"start":{"line":55,"column":6},"end":{"line":55,"column":37}},"30":{"start":{"line":56,"column":6},"end":{"line":74,"column":6}},"31":{"start":{"line":59,"column":6},"end":{"line":59,"column":17}},"32":{"start":{"line":59,"column":26},"end":{"line":59,"column":44}},"33":{"start":{"line":59,"column":55},"end":{"line":59,"column":75}},"34":{"start":{"line":59,"column":91},"end":{"line":59,"column":116}},"35":{"start":{"line":60,"column":6},"end":{"line":62,"column":7}},"36":{"start":{"line":61,"column":8},"end":{"line":61,"column":134}},"37":{"start":{"line":63,"column":6},"end":{"line":65,"column":7}},"38":{"start":{"line":64,"column":8},"end":{"line":64,"column":136}},"39":{"start":{"line":66,"column":6},"end":{"line":70,"column":109}},"40":{"start":{"line":74,"column":6},"end":{"line":74,"column":19}},"41":{"start":{"line":74,"column":20},"end":{"line":82,"column":10}},"42":{"start":{"line":74,"column":139},"end":{"line":74,"column":159}},"43":{"start":{"line":74,"column":160},"end":{"line":74,"column":172}},"44":{"start":{"line":77,"column":6},"end":{"line":79,"column":32}},"45":{"start":{"line":82,"column":10},"end":{"line":82,"column":26}},"46":{"start":{"line":82,"column":46},"end":{"line":82,"column":953}},"47":{"start":{"line":85,"column":0},"end":{"line":92,"column":45}},"48":{"start":{"line":95,"column":22},"end":{"line":98,"column":1}},"49":{"start":{"line":95,"column":69},"end":{"line":95,"column":82}},"50":{"start":{"line":96,"column":12},"end":{"line":96,"column":28}},"51":{"start":{"line":96,"column":44},"end":{"line":96,"column":65}},"52":{"start":{"line":96,"column":74},"end":{"line":96,"column":88}},"53":{"start":{"line":96,"column":99},"end":{"line":96,"column":115}},"54":{"start":{"line":97,"column":2},"end":{"line":97,"column":90}},"55":{"start":{"line":100,"column":0},"end":{"line":103,"column":9}},"56":{"start":{"line":103,"column":10},"end":{"line":103,"column":37}}},"fnMap":{"0":{"name":"(anonymous_0)","decl":{"start":{"line":19,"column":11},"end":{"line":19,"column":12}},"loc":{"start":{"line":19,"column":33},"end":{"line":82,"column":27}},"line":19},"1":{"name":"HomePage","decl":{"start":{"line":21,"column":11},"end":{"line":21,"column":19}},"loc":{"start":{"line":21,"column":27},"end":{"line":74,"column":20}},"line":21},"2":{"name":"(anonymous_2)","decl":{"start":{"line":52,"column":23},"end":{"line":52,"column":24}},"loc":{"start":{"line":52,"column":39},"end":{"line":56,"column":5}},"line":52},"3":{"name":"(anonymous_3)","decl":{"start":{"line":58,"column":21},"end":{"line":58,"column":22}},"loc":{"start":{"line":58,"column":33},"end":{"line":74,"column":5}},"line":58},"4":{"name":"componentDidMount","decl":{"start":{"line":74,"column":102},"end":{"line":74,"column":119}},"loc":{"start":{"line":74,"column":122},"end":{"line":74,"column":173}},"line":74},"5":{"name":"render","decl":{"start":{"line":74,"column":210},"end":{"line":74,"column":216}},"loc":{"start":{"line":76,"column":4},"end":{"line":82,"column":5}},"line":76},"6":{"name":"mapStateToProps","decl":{"start":{"line":95,"column":31},"end":{"line":95,"column":46}},"loc":{"start":{"line":95,"column":53},"end":{"line":98,"column":1}},"line":95}},"branchMap":{"0":{"loc":{"start":{"line":60,"column":6},"end":{"line":62,"column":7}},"type":"if","locations":[{"start":{"line":60,"column":6},"end":{"line":62,"column":7}},{"start":{"line":60,"column":6},"end":{"line":62,"column":7}}],"line":60},"1":{"loc":{"start":{"line":63,"column":6},"end":{"line":65,"column":7}},"type":"if","locations":[{"start":{"line":63,"column":6},"end":{"line":65,"column":7}},{"start":{"line":63,"column":6},"end":{"line":65,"column":7}}],"line":63}},"s":{"0":0,"1":0,"2":0,"3":0,"4":0,"5":0,"6":0,"7":0,"8":0,"9":0,"10":0,"11":0,"12":0,"13":0,"14":0,"15":0,"16":0,"17":0,"18":0,"19":0,"20":0,"21":0,"22":0,"23":0,"24":0,"25":0,"26":0,"27":0,"28":0,"29":0,"30":0,"31":0,"32":0,"33":0,"34":0,"35":0,"36":0,"37":0,"38":0,"39":0,"40":0,"41":0,"42":0,"43":0,"44":0,"45":0,"46":0,"47":0,"48":0,"49":0,"50":0,"51":0,"52":0,"53":0,"54":0,"55":0,"56":0},"f":{"0":0,"1":0,"2":0,"3":0,"4":0,"5":0,"6":0},"b":{"0":[0,0],"1":[0,0]},"hash":"970a34a80c85786675ff822f710e3bb3b51c6e88"}
,"/Users/shihabudheenus/Documents/shihabudheen-us-news-app/src/app/HomePage/store/actions.js": {"path":"/Users/shihabudheenus/Documents/shihabudheen-us-news-app/src/app/HomePage/store/actions.js","statementMap":{"0":{"start":{"line":1,"column":13},"end":{"line":1,"column":75}},"1":{"start":{"line":1,"column":75},"end":{"line":1,"column":196}},"2":{"start":{"line":1,"column":210},"end":{"line":1,"column":236}},"3":{"start":{"line":4,"column":13},"end":{"line":4,"column":38}},"4":{"start":{"line":5,"column":17},"end":{"line":5,"column":46}},"5":{"start":{"line":7,"column":19},"end":{"line":8,"column":47}},"6":{"start":{"line":7,"column":44},"end":{"line":8,"column":46}},"7":{"start":{"line":8,"column":48},"end":{"line":8,"column":84}},"8":{"start":{"line":11,"column":19},"end":{"line":13,"column":29}},"9":{"start":{"line":11,"column":48},"end":{"line":13,"column":28}},"10":{"start":{"line":13,"column":30},"end":{"line":13,"column":66}},"11":{"start":{"line":16,"column":18},"end":{"line":17,"column":46}},"12":{"start":{"line":16,"column":42},"end":{"line":17,"column":45}},"13":{"start":{"line":17,"column":47},"end":{"line":17,"column":81}},"14":{"start":{"line":20,"column":16},"end":{"line":23,"column":5}},"15":{"start":{"line":20,"column":38},"end":{"line":23,"column":4}},"16":{"start":{"line":21,"column":4},"end":{"line":21,"column":29}},"17":{"start":{"line":22,"column":4},"end":{"line":22,"column":99}},"18":{"start":{"line":23,"column":6},"end":{"line":23,"column":36}},"19":{"start":{"line":26,"column":22},"end":{"line":28,"column":29}},"20":{"start":{"line":26,"column":62},"end":{"line":28,"column":28}},"21":{"start":{"line":28,"column":30},"end":{"line":28,"column":72}}},"fnMap":{"0":{"name":"fetchStarted","decl":{"start":{"line":7,"column":28},"end":{"line":7,"column":40}},"loc":{"start":{"line":7,"column":43},"end":{"line":8,"column":47}},"line":7},"1":{"name":"fetchSuccess","decl":{"start":{"line":11,"column":28},"end":{"line":11,"column":40}},"loc":{"start":{"line":11,"column":47},"end":{"line":13,"column":29}},"line":11},"2":{"name":"fetchFailed","decl":{"start":{"line":16,"column":27},"end":{"line":16,"column":38}},"loc":{"start":{"line":16,"column":41},"end":{"line":17,"column":46}},"line":16},"3":{"name":"fetchNews","decl":{"start":{"line":20,"column":25},"end":{"line":20,"column":34}},"loc":{"start":{"line":20,"column":37},"end":{"line":23,"column":5}},"line":20},"4":{"name":"(anonymous_4)","decl":{"start":{"line":20,"column":45},"end":{"line":20,"column":46}},"loc":{"start":{"line":20,"column":65},"end":{"line":23,"column":3}},"line":20},"5":{"name":"selectedArticle","decl":{"start":{"line":26,"column":31},"end":{"line":26,"column":46}},"loc":{"start":{"line":26,"column":61},"end":{"line":28,"column":29}},"line":26}},"branchMap":{},"s":{"0":0,"1":0,"2":0,"3":0,"4":0,"5":0,"6":0,"7":0,"8":0,"9":0,"10":0,"11":0,"12":0,"13":0,"14":0,"15":0,"16":0,"17":0,"18":0,"19":0,"20":0,"21":0},"f":{"0":0,"1":0,"2":0,"3":0,"4":0,"5":0},"b":{},"hash":"fffd5c65c86b71f6fd79a6045540ffe489462691"}
,"/Users/shihabudheenus/Documents/shihabudheen-us-news-app/src/app/HomePage/store/reducer.js": {"path":"/Users/shihabudheenus/Documents/shihabudheen-us-news-app/src/app/HomePage/store/reducer.js","statementMap":{"0":{"start":{"line":1,"column":42},"end":{"line":1,"column":97}},"1":{"start":{"line":1,"column":98},"end":{"line":1,"column":160}},"2":{"start":{"line":1,"column":160},"end":{"line":1,"column":193}},"3":{"start":{"line":1,"column":216},"end":{"line":1,"column":288}},"4":{"start":{"line":1,"column":303},"end":{"line":1,"column":329}},"5":{"start":{"line":1,"column":362},"end":{"line":1,"column":897}},"6":{"start":{"line":1,"column":375},"end":{"line":1,"column":376}},"7":{"start":{"line":1,"column":406},"end":{"line":1,"column":896}},"8":{"start":{"line":1,"column":431},"end":{"line":1,"column":471}},"9":{"start":{"line":1,"column":486},"end":{"line":1,"column":505}},"10":{"start":{"line":1,"column":506},"end":{"line":1,"column":716}},"11":{"start":{"line":1,"column":563},"end":{"line":1,"column":715}},"12":{"start":{"line":1,"column":648},"end":{"line":1,"column":711}},"13":{"start":{"line":1,"column":716},"end":{"line":1,"column":807}},"14":{"start":{"line":1,"column":748},"end":{"line":1,"column":804}},"15":{"start":{"line":1,"column":815},"end":{"line":1,"column":895}},"16":{"start":{"line":1,"column":897},"end":{"line":1,"column":911}},"17":{"start":{"line":3,"column":27},"end":{"line":3,"column":29}},"18":{"start":{"line":5,"column":22},"end":{"line":22,"column":1}},"19":{"start":{"line":5,"column":62},"end":{"line":5,"column":150}},"20":{"start":{"line":5,"column":162},"end":{"line":5,"column":209}},"21":{"start":{"line":5,"column":217},"end":{"line":5,"column":226}},"22":{"start":{"line":5,"column":237},"end":{"line":5,"column":249}},"23":{"start":{"line":6,"column":2},"end":{"line":20,"column":20}},"24":{"start":{"line":8,"column":6},"end":{"line":9,"column":80}},"25":{"start":{"line":12,"column":6},"end":{"line":13,"column":85}},"26":{"start":{"line":16,"column":6},"end":{"line":17,"column":80}},"27":{"start":{"line":20,"column":6},"end":{"line":20,"column":19}},"28":{"start":{"line":22,"column":2},"end":{"line":22,"column":44}}},"fnMap":{"0":{"name":"_objectSpread","decl":{"start":{"line":1,"column":339},"end":{"line":1,"column":352}},"loc":{"start":{"line":1,"column":361},"end":{"line":1,"column":912}},"line":1},"1":{"name":"(anonymous_1)","decl":{"start":{"line":1,"column":632},"end":{"line":1,"column":633}},"loc":{"start":{"line":1,"column":647},"end":{"line":1,"column":712}},"line":1},"2":{"name":"(anonymous_2)","decl":{"start":{"line":1,"column":732},"end":{"line":1,"column":733}},"loc":{"start":{"line":1,"column":747},"end":{"line":1,"column":805}},"line":1},"3":{"name":"homePageReducer","decl":{"start":{"line":5,"column":31},"end":{"line":5,"column":46}},"loc":{"start":{"line":5,"column":49},"end":{"line":22,"column":1}},"line":5}},"branchMap":{"0":{"loc":{"start":{"line":1,"column":406},"end":{"line":1,"column":896}},"type":"if","locations":[{"start":{"line":1,"column":406},"end":{"line":1,"column":896}},{"start":{"line":1,"column":406},"end":{"line":1,"column":896}}],"line":1},"1":{"loc":{"start":{"line":1,"column":431},"end":{"line":1,"column":471}},"type":"cond-expr","locations":[{"start":{"line":1,"column":454},"end":{"line":1,"column":466}},{"start":{"line":1,"column":469},"end":{"line":1,"column":471}}],"line":1},"2":{"loc":{"start":{"line":1,"column":506},"end":{"line":1,"column":716}},"type":"if","locations":[{"start":{"line":1,"column":506},"end":{"line":1,"column":716}},{"start":{"line":1,"column":506},"end":{"line":1,"column":716}}],"line":1},"3":{"loc":{"start":{"line":5,"column":62},"end":{"line":5,"column":150}},"type":"cond-expr","locations":[{"start":{"line":5,"column":115},"end":{"line":5,"column":127}},{"start":{"line":5,"column":130},"end":{"line":5,"column":150}}],"line":5},"4":{"loc":{"start":{"line":5,"column":62},"end":{"line":5,"column":112}},"type":"binary-expr","locations":[{"start":{"line":5,"column":62},"end":{"line":5,"column":82}},{"start":{"line":5,"column":86},"end":{"line":5,"column":112}}],"line":5},"5":{"loc":{"start":{"line":5,"column":162},"end":{"line":5,"column":209}},"type":"cond-expr","locations":[{"start":{"line":5,"column":185},"end":{"line":5,"column":197}},{"start":{"line":5,"column":200},"end":{"line":5,"column":209}}],"line":5},"6":{"loc":{"start":{"line":6,"column":2},"end":{"line":20,"column":20}},"type":"switch","locations":[{"start":{"line":7,"column":4},"end":{"line":9,"column":80}},{"start":{"line":11,"column":4},"end":{"line":13,"column":85}},{"start":{"line":15,"column":4},"end":{"line":17,"column":80}},{"start":{"line":19,"column":4},"end":{"line":20,"column":19}}],"line":6}},"s":{"0":0,"1":0,"2":0,"3":0,"4":0,"5":0,"6":0,"7":0,"8":0,"9":0,"10":0,"11":0,"12":0,"13":0,"14":0,"15":0,"16":0,"17":0,"18":0,"19":0,"20":0,"21":0,"22":0,"23":0,"24":0,"25":0,"26":0,"27":0,"28":0},"f":{"0":0,"1":0,"2":0,"3":0},"b":{"0":[0,0],"1":[0,0],"2":[0,0],"3":[0,0],"4":[0,0],"5":[0,0],"6":[0,0,0,0]},"hash":"497edf63b6508132f6e2ed056570a89f092d8dc4"}
,"/Users/shihabudheenus/Documents/shihabudheen-us-news-app/src/utils/httpsUtil.js": {"path":"/Users/shihabudheenus/Documents/shihabudheen-us-news-app/src/utils/httpsUtil.js","statementMap":{"0":{"start":{"line":1,"column":42},"end":{"line":1,"column":97}},"1":{"start":{"line":1,"column":98},"end":{"line":1,"column":160}},"2":{"start":{"line":1,"column":160},"end":{"line":1,"column":194}},"3":{"start":{"line":1,"column":194},"end":{"line":1,"column":230}},"4":{"start":{"line":1,"column":230},"end":{"line":1,"column":264}},"5":{"start":{"line":1,"column":277},"end":{"line":1,"column":317}},"6":{"start":{"line":3,"column":15},"end":{"line":3,"column":38}},"7":{"start":{"line":6,"column":2},"end":{"line":7,"column":43}},"8":{"start":{"line":7,"column":2},"end":{"line":7,"column":43}},"9":{"start":{"line":11,"column":2},"end":{"line":11,"column":33}},"10":{"start":{"line":15,"column":2},"end":{"line":21,"column":5}},"11":{"start":{"line":17,"column":4},"end":{"line":17,"column":55}},"12":{"start":{"line":20,"column":4},"end":{"line":20,"column":48}},"13":{"start":{"line":25,"column":2},"end":{"line":27,"column":80}},"14":{"start":{"line":26,"column":28},"end":{"line":26,"column":86}},"15":{"start":{"line":27,"column":26},"end":{"line":27,"column":77}},"16":{"start":{"line":31,"column":2},"end":{"line":33,"column":80}},"17":{"start":{"line":32,"column":28},"end":{"line":32,"column":86}},"18":{"start":{"line":33,"column":26},"end":{"line":33,"column":77}}},"fnMap":{"0":{"name":"handleSuccess","decl":{"start":{"line":5,"column":9},"end":{"line":5,"column":22}},"loc":{"start":{"line":5,"column":60},"end":{"line":8,"column":1}},"line":5},"1":{"name":"handleError","decl":{"start":{"line":10,"column":9},"end":{"line":10,"column":20}},"loc":{"start":{"line":10,"column":53},"end":{"line":12,"column":1}},"line":10},"2":{"name":"makeGetCall","decl":{"start":{"line":14,"column":9},"end":{"line":14,"column":20}},"loc":{"start":{"line":14,"column":70},"end":{"line":22,"column":1}},"line":14},"3":{"name":"(anonymous_3)","decl":{"start":{"line":16,"column":7},"end":{"line":16,"column":8}},"loc":{"start":{"line":16,"column":27},"end":{"line":18,"column":3}},"line":16},"4":{"name":"(anonymous_4)","decl":{"start":{"line":19,"column":8},"end":{"line":19,"column":9}},"loc":{"start":{"line":19,"column":25},"end":{"line":21,"column":3}},"line":19},"5":{"name":"makePostCall","decl":{"start":{"line":24,"column":9},"end":{"line":24,"column":21}},"loc":{"start":{"line":24,"column":77},"end":{"line":28,"column":1}},"line":24},"6":{"name":"(anonymous_6)","decl":{"start":{"line":26,"column":7},"end":{"line":26,"column":8}},"loc":{"start":{"line":26,"column":27},"end":{"line":26,"column":87}},"line":26},"7":{"name":"(anonymous_7)","decl":{"start":{"line":27,"column":8},"end":{"line":27,"column":9}},"loc":{"start":{"line":27,"column":25},"end":{"line":27,"column":78}},"line":27},"8":{"name":"makePutCall","decl":{"start":{"line":30,"column":9},"end":{"line":30,"column":20}},"loc":{"start":{"line":30,"column":76},"end":{"line":34,"column":1}},"line":30},"9":{"name":"(anonymous_9)","decl":{"start":{"line":32,"column":7},"end":{"line":32,"column":8}},"loc":{"start":{"line":32,"column":27},"end":{"line":32,"column":87}},"line":32},"10":{"name":"(anonymous_10)","decl":{"start":{"line":33,"column":8},"end":{"line":33,"column":9}},"loc":{"start":{"line":33,"column":25},"end":{"line":33,"column":78}},"line":33}},"branchMap":{"0":{"loc":{"start":{"line":6,"column":2},"end":{"line":7,"column":43}},"type":"if","locations":[{"start":{"line":6,"column":2},"end":{"line":7,"column":43}},{"start":{"line":6,"column":2},"end":{"line":7,"column":43}}],"line":6},"1":{"loc":{"start":{"line":6,"column":6},"end":{"line":6,"column":58}},"type":"binary-expr","locations":[{"start":{"line":6,"column":6},"end":{"line":6,"column":14}},{"start":{"line":6,"column":18},"end":{"line":6,"column":31}},{"start":{"line":6,"column":35},"end":{"line":6,"column":58}}],"line":6}},"s":{"0":0,"1":0,"2":0,"3":0,"4":0,"5":0,"6":0,"7":0,"8":0,"9":0,"10":0,"11":0,"12":0,"13":0,"14":0,"15":0,"16":0,"17":0,"18":0},"f":{"0":0,"1":0,"2":0,"3":0,"4":0,"5":0,"6":0,"7":0,"8":0,"9":0,"10":0},"b":{"0":[0,0],"1":[0,0,0]},"hash":"459d5173a383681f7613ee2f944734a22319bade"}
}
