{"/Users/shihabudheenus/Documents/shihabudheen-us-news-app/src/components/HomePage/Card.js": {"path":"/Users/shihabudheenus/Documents/shihabudheen-us-news-app/src/components/HomePage/Card.js","statementMap":{"0":{"start":{"line":1,"column":42},"end":{"line":1,"column":97}},"1":{"start":{"line":1,"column":98},"end":{"line":1,"column":160}},"2":{"start":{"line":1,"column":160},"end":{"line":1,"column":210}},"3":{"start":{"line":2,"column":13},"end":{"line":2,"column":53}},"4":{"start":{"line":3,"column":17},"end":{"line":3,"column":62}},"5":{"start":{"line":4,"column":19},"end":{"line":4,"column":42}},"6":{"start":{"line":5,"column":22},"end":{"line":5,"column":73}},"7":{"start":{"line":6,"column":21},"end":{"line":6,"column":71}},"8":{"start":{"line":7,"column":21},"end":{"line":7,"column":71}},"9":{"start":{"line":7,"column":91},"end":{"line":7,"column":181}},"10":{"start":{"line":9,"column":13},"end":{"line":15,"column":31}},"11":{"start":{"line":19,"column":21},"end":{"line":22,"column":21}},"12":{"start":{"line":19,"column":59},"end":{"line":22,"column":20}},"13":{"start":{"line":21,"column":25},"end":{"line":21,"column":50}},"14":{"start":{"line":22,"column":22},"end":{"line":22,"column":62}},"15":{"start":{"line":25,"column":11},"end":{"line":50,"column":1}},"16":{"start":{"line":25,"column":43},"end":{"line":25,"column":52}},"17":{"start":{"line":25,"column":71},"end":{"line":25,"column":91}},"18":{"start":{"line":27,"column":11},"end":{"line":27,"column":22}},"19":{"start":{"line":27,"column":32},"end":{"line":27,"column":43}},"20":{"start":{"line":27,"column":61},"end":{"line":27,"column":80}},"21":{"start":{"line":27,"column":89},"end":{"line":27,"column":99}},"22":{"start":{"line":27,"column":108},"end":{"line":27,"column":118}},"23":{"start":{"line":27,"column":130},"end":{"line":27,"column":143}},"24":{"start":{"line":27,"column":150},"end":{"line":27,"column":158}},"25":{"start":{"line":29,"column":19},"end":{"line":29,"column":59}},"26":{"start":{"line":31,"column":24},"end":{"line":31,"column":68}},"27":{"start":{"line":33,"column":15},"end":{"line":33,"column":152}},"28":{"start":{"line":35,"column":16},"end":{"line":37,"column":3}},"29":{"start":{"line":36,"column":4},"end":{"line":36,"column":31}},"30":{"start":{"line":39,"column":2},"end":{"line":47,"column":142}},"31":{"start":{"line":42,"column":35},"end":{"line":42,"column":58}},"32":{"start":{"line":52,"column":0},"end":{"line":63,"column":45}},"33":{"start":{"line":66,"column":0},"end":{"line":66,"column":4}},"34":{"start":{"line":66,"column":5},"end":{"line":66,"column":32}}},"fnMap":{"0":{"name":"ImageExtractor","decl":{"start":{"line":19,"column":30},"end":{"line":19,"column":44}},"loc":{"start":{"line":19,"column":58},"end":{"line":22,"column":21}},"line":19},"1":{"name":"(anonymous_1)","decl":{"start":{"line":21,"column":11},"end":{"line":21,"column":12}},"loc":{"start":{"line":21,"column":24},"end":{"line":21,"column":51}},"line":21},"2":{"name":"Card","decl":{"start":{"line":25,"column":20},"end":{"line":25,"column":24}},"loc":{"start":{"line":25,"column":31},"end":{"line":50,"column":1}},"line":25},"3":{"name":"handler","decl":{"start":{"line":35,"column":25},"end":{"line":35,"column":32}},"loc":{"start":{"line":35,"column":44},"end":{"line":37,"column":3}},"line":35},"4":{"name":"onPress","decl":{"start":{"line":42,"column":24},"end":{"line":42,"column":31}},"loc":{"start":{"line":42,"column":34},"end":{"line":42,"column":59}},"line":42}},"branchMap":{},"s":{"0":2,"1":2,"2":2,"3":2,"4":2,"5":2,"6":2,"7":2,"8":2,"9":2,"10":2,"11":2,"12":6,"13":60,"14":2,"15":2,"16":3,"17":3,"18":3,"19":3,"20":3,"21":3,"22":3,"23":3,"24":3,"25":3,"26":3,"27":3,"28":3,"29":0,"30":3,"31":0,"32":2,"33":2,"34":2},"f":{"0":6,"1":60,"2":3,"3":0,"4":0},"b":{},"_coverageSchema":"43e27e138ebf9cfc5966b082cf9a028302ed4184","hash":"f5afea873dfadbc98f24049b9d863b909bd1a7ea"}
}
