TN:
SF:/Users/shihabudheenus/Documents/shihabudheen-us-news-app/src/App.js
FN:9,(anonymous_0)
FN:9,App
FN:9,render
FNF:3
FNH:0
FNDA:0,(anonymous_0)
FNDA:0,App
FNDA:0,render
DA:1,0
DA:2,0
DA:3,0
DA:4,0
DA:5,0
DA:7,0
DA:9,0
DA:12,0
DA:17,0
DA:22,0
LF:10
LH:0
BRF:0
BRH:0
end_of_record
TN:
SF:/Users/shihabudheenus/Documents/shihabudheen-us-news-app/src/app/DetailsPage/DetailsPage.js
FN:10,(anonymous_0)
FN:10,DetailsPage
FN:10,render
FN:54,(anonymous_3)
FN:69,mapStateToProps
FNF:5
FNH:0
FNDA:0,(anonymous_0)
FNDA:0,DetailsPage
FNDA:0,render
FNDA:0,(anonymous_3)
FNDA:0,mapStateToProps
DA:1,0
DA:2,0
DA:3,0
DA:4,0
DA:5,0
DA:7,0
DA:8,0
DA:10,0
DA:36,0
DA:38,0
DA:40,0
DA:48,0
DA:54,0
DA:57,0
DA:69,0
DA:70,0
DA:71,0
DA:74,0
DA:77,0
LF:19
LH:0
BRF:0
BRH:0
end_of_record
TN:
SF:/Users/shihabudheenus/Documents/shihabudheen-us-news-app/src/app/DetailsPage/store/reducer.js
FN:1,_objectSpread
FN:1,(anonymous_1)
FN:1,(anonymous_2)
FN:5,detailsPageReducer
FNF:4
FNH:2
FNDA:1,_objectSpread
FNDA:0,(anonymous_1)
FNDA:0,(anonymous_2)
FNDA:3,detailsPageReducer
DA:1,2
DA:3,1
DA:5,3
DA:6,3
DA:8,1
DA:11,2
DA:13,1
LF:7
LH:7
BRDA:1,0,0,1
BRDA:1,0,1,1
BRDA:1,1,0,1
BRDA:1,1,1,0
BRDA:1,2,0,1
BRDA:1,2,1,0
BRDA:5,3,0,2
BRDA:5,3,1,1
BRDA:5,4,0,3
BRDA:5,4,1,3
BRDA:5,5,0,3
BRDA:5,5,1,0
BRDA:6,6,0,1
BRDA:6,6,1,2
BRF:14
BRH:11
end_of_record
TN:
SF:/Users/shihabudheenus/Documents/shihabudheen-us-news-app/src/app/HomePage/HomePage.js
FN:19,(anonymous_0)
FN:21,HomePage
FN:52,(anonymous_2)
FN:58,(anonymous_3)
FN:74,componentDidMount
FN:74,render
FN:95,mapStateToProps
FNF:7
FNH:0
FNDA:0,(anonymous_0)
FNDA:0,HomePage
FNDA:0,(anonymous_2)
FNDA:0,(anonymous_3)
FNDA:0,componentDidMount
FNDA:0,render
FNDA:0,mapStateToProps
DA:1,0
DA:3,0
DA:4,0
DA:5,0
DA:6,0
DA:7,0
DA:8,0
DA:9,0
DA:10,0
DA:11,0
DA:13,0
DA:19,0
DA:21,0
DA:22,0
DA:53,0
DA:54,0
DA:55,0
DA:56,0
DA:59,0
DA:60,0
DA:61,0
DA:63,0
DA:64,0
DA:66,0
DA:74,0
DA:77,0
DA:82,0
DA:85,0
DA:95,0
DA:96,0
DA:97,0
DA:100,0
DA:103,0
LF:33
LH:0
BRDA:60,0,0,0
BRDA:60,0,1,0
BRDA:63,1,0,0
BRDA:63,1,1,0
BRF:4
BRH:0
end_of_record
TN:
SF:/Users/shihabudheenus/Documents/shihabudheen-us-news-app/src/app/HomePage/store/actions.js
FN:7,fetchStarted
FN:11,fetchSuccess
FN:16,fetchFailed
FN:20,fetchNews
FN:20,(anonymous_4)
FN:26,selectedArticle
FNF:6
FNH:0
FNDA:0,fetchStarted
FNDA:0,fetchSuccess
FNDA:0,fetchFailed
FNDA:0,fetchNews
FNDA:0,(anonymous_4)
FNDA:0,selectedArticle
DA:1,0
DA:4,0
DA:5,0
DA:7,0
DA:8,0
DA:11,0
DA:13,0
DA:16,0
DA:17,0
DA:20,0
DA:21,0
DA:22,0
DA:23,0
DA:26,0
DA:28,0
LF:15
LH:0
BRF:0
BRH:0
end_of_record
TN:
SF:/Users/shihabudheenus/Documents/shihabudheen-us-news-app/src/app/HomePage/store/reducer.js
FN:1,_objectSpread
FN:1,(anonymous_1)
FN:1,(anonymous_2)
FN:5,homePageReducer
FNF:4
FNH:0
FNDA:0,_objectSpread
FNDA:0,(anonymous_1)
FNDA:0,(anonymous_2)
FNDA:0,homePageReducer
DA:1,0
DA:3,0
DA:5,0
DA:6,0
DA:8,0
DA:12,0
DA:16,0
DA:20,0
DA:22,0
LF:9
LH:0
BRDA:1,0,0,0
BRDA:1,0,1,0
BRDA:1,1,0,0
BRDA:1,1,1,0
BRDA:1,2,0,0
BRDA:1,2,1,0
BRDA:5,3,0,0
BRDA:5,3,1,0
BRDA:5,4,0,0
BRDA:5,4,1,0
BRDA:5,5,0,0
BRDA:5,5,1,0
BRDA:6,6,0,0
BRDA:6,6,1,0
BRDA:6,6,2,0
BRDA:6,6,3,0
BRF:16
BRH:0
end_of_record
TN:
SF:/Users/shihabudheenus/Documents/shihabudheen-us-news-app/src/utils/httpsUtil.js
FN:5,handleSuccess
FN:10,handleError
FN:14,makeGetCall
FN:16,(anonymous_3)
FN:19,(anonymous_4)
FN:24,makePostCall
FN:26,(anonymous_6)
FN:27,(anonymous_7)
FN:30,makePutCall
FN:32,(anonymous_9)
FN:33,(anonymous_10)
FNF:11
FNH:0
FNDA:0,handleSuccess
FNDA:0,handleError
FNDA:0,makeGetCall
FNDA:0,(anonymous_3)
FNDA:0,(anonymous_4)
FNDA:0,makePostCall
FNDA:0,(anonymous_6)
FNDA:0,(anonymous_7)
FNDA:0,makePutCall
FNDA:0,(anonymous_9)
FNDA:0,(anonymous_10)
DA:1,0
DA:3,0
DA:6,0
DA:7,0
DA:11,0
DA:15,0
DA:17,0
DA:20,0
DA:25,0
DA:26,0
DA:27,0
DA:31,0
DA:32,0
DA:33,0
LF:14
LH:0
BRDA:6,0,0,0
BRDA:6,0,1,0
BRDA:6,1,0,0
BRDA:6,1,1,0
BRDA:6,1,2,0
BRF:5
BRH:0
end_of_record
