TN:
SF:/Users/shihabudheenus/Documents/shihabudheen-us-news-app/src/App.js
FN:8,(anonymous_0)
FN:8,App
FN:8,render
FNF:3
FNH:0
FNDA:0,(anonymous_0)
FNDA:0,App
FNDA:0,render
DA:1,0
DA:2,0
DA:3,0
DA:4,0
DA:6,0
DA:8,0
DA:11,0
DA:16,0
DA:19,0
LF:9
LH:0
BRF:0
BRH:0
end_of_record
TN:
SF:/Users/shihabudheenus/Documents/shihabudheen-us-news-app/src/app/DetailsPage/DetailsPage.js
FN:12,(anonymous_0)
FN:12,DetailsPage
FN:12,render
FN:40,(anonymous_3)
FN:56,(anonymous_4)
FN:64,mapStateToProps
FNF:6
FNH:0
FNDA:0,(anonymous_0)
FNDA:0,DetailsPage
FNDA:0,render
FNDA:0,(anonymous_3)
FNDA:0,(anonymous_4)
FNDA:0,mapStateToProps
DA:1,0
DA:2,0
DA:3,0
DA:4,0
DA:6,0
DA:10,0
DA:12,0
DA:38,0
DA:39,0
DA:40,0
DA:42,0
DA:50,0
DA:56,0
DA:59,0
DA:64,0
DA:65,0
DA:66,0
DA:69,0
DA:72,0
LF:19
LH:0
BRF:0
BRH:0
end_of_record
TN:
SF:/Users/shihabudheenus/Documents/shihabudheen-us-news-app/src/app/DetailsPage/store/actions.js
FNF:0
FNH:0
LF:0
LH:0
BRF:0
BRH:0
end_of_record
TN:
SF:/Users/shihabudheenus/Documents/shihabudheen-us-news-app/src/app/DetailsPage/store/reducer.js
FN:1,_objectSpread
FN:1,(anonymous_1)
FN:1,(anonymous_2)
FN:5,detailsPageReducer
FNF:4
FNH:0
FNDA:0,_objectSpread
FNDA:0,(anonymous_1)
FNDA:0,(anonymous_2)
FNDA:0,detailsPageReducer
DA:1,0
DA:3,0
DA:5,0
DA:6,0
DA:8,0
DA:11,0
DA:13,0
LF:7
LH:0
BRDA:1,0,0,0
BRDA:1,0,1,0
BRDA:1,1,0,0
BRDA:1,1,1,0
BRDA:1,2,0,0
BRDA:1,2,1,0
BRDA:5,3,0,0
BRDA:5,3,1,0
BRDA:5,4,0,0
BRDA:5,4,1,0
BRDA:5,5,0,0
BRDA:5,5,1,0
BRDA:6,6,0,0
BRDA:6,6,1,0
BRF:14
BRH:0
end_of_record
TN:
SF:/Users/shihabudheenus/Documents/shihabudheen-us-news-app/src/app/HomePage/HomePage.js
FN:10,(anonymous_0)
FN:11,HomePage
FN:45,(anonymous_2)
FN:52,(anonymous_3)
FN:65,componentDidMount
FN:65,render
FN:87,mapStateToProps
FNF:7
FNH:0
FNDA:0,(anonymous_0)
FNDA:0,HomePage
FNDA:0,(anonymous_2)
FNDA:0,(anonymous_3)
FNDA:0,componentDidMount
FNDA:0,render
FNDA:0,mapStateToProps
DA:1,0
DA:2,0
DA:3,0
DA:4,0
DA:5,0
DA:6,0
DA:7,0
DA:8,0
DA:10,0
DA:11,0
DA:12,0
DA:46,0
DA:47,0
DA:48,0
DA:49,0
DA:53,0
DA:54,0
DA:55,0
DA:57,0
DA:58,0
DA:60,0
DA:65,0
DA:69,0
DA:74,0
DA:78,0
DA:87,0
DA:88,0
DA:89,0
DA:92,0
DA:94,0
LF:30
LH:0
BRDA:54,0,0,0
BRDA:54,0,1,0
BRDA:57,1,0,0
BRDA:57,1,1,0
BRF:4
BRH:0
end_of_record
TN:
SF:/Users/shihabudheenus/Documents/shihabudheen-us-news-app/src/app/HomePage/store/actions.js
FN:10,fetchStarted
FN:14,fetchSuccess
FN:19,fetchFailed
FN:23,fetchNews
FN:23,(anonymous_4)
FN:29,selectedArticle
FNF:6
FNH:0
FNDA:0,fetchStarted
FNDA:0,fetchSuccess
FNDA:0,fetchFailed
FNDA:0,fetchNews
FNDA:0,(anonymous_4)
FNDA:0,selectedArticle
DA:1,0
DA:7,0
DA:8,0
DA:10,0
DA:14,0
DA:19,0
DA:23,0
DA:24,0
DA:25,0
DA:26,0
DA:29,0
DA:31,0
LF:12
LH:0
BRF:0
BRH:0
end_of_record
TN:
SF:/Users/shihabudheenus/Documents/shihabudheen-us-news-app/src/app/HomePage/store/reducer.js
FN:1,_objectSpread
FN:1,(anonymous_1)
FN:1,(anonymous_2)
FN:11,homePageReducer
FNF:4
FNH:0
FNDA:0,_objectSpread
FNDA:0,(anonymous_1)
FNDA:0,(anonymous_2)
FNDA:0,homePageReducer
DA:1,0
DA:3,0
DA:11,0
DA:12,0
DA:14,0
DA:18,0
DA:22,0
DA:26,0
DA:28,0
LF:9
LH:0
BRDA:1,0,0,0
BRDA:1,0,1,0
BRDA:1,1,0,0
BRDA:1,1,1,0
BRDA:1,2,0,0
BRDA:1,2,1,0
BRDA:11,3,0,0
BRDA:11,3,1,0
BRDA:11,4,0,0
BRDA:11,4,1,0
BRDA:11,5,0,0
BRDA:11,5,1,0
BRDA:12,6,0,0
BRDA:12,6,1,0
BRDA:12,6,2,0
BRDA:12,6,3,0
BRF:16
BRH:0
end_of_record
TN:
SF:/Users/shihabudheenus/Documents/shihabudheen-us-news-app/src/components/Details_Card.js
FN:6,DetailsCard
FNF:1
FNH:0
FNDA:0,DetailsCard
DA:1,0
DA:2,0
DA:3,0
DA:4,0
DA:6,0
DA:7,0
DA:8,0
DA:15,0
DA:17,0
DA:27,0
LF:10
LH:0
BRF:0
BRH:0
end_of_record
TN:
SF:/Users/shihabudheenus/Documents/shihabudheen-us-news-app/src/components/Details_ImageSection.js
FN:5,ImageSection
FNF:1
FNH:0
FNDA:0,ImageSection
DA:1,0
DA:2,0
DA:3,0
DA:5,0
DA:6,0
DA:13,0
DA:15,0
DA:19,0
LF:8
LH:0
BRF:0
BRH:0
end_of_record
TN:
SF:/Users/shihabudheenus/Documents/shihabudheen-us-news-app/src/components/Details_TextSection.js
FN:5,TextSection
FNF:1
FNH:0
FNDA:0,TextSection
DA:1,0
DA:2,0
DA:3,0
DA:5,0
DA:6,0
DA:11,0
DA:13,0
DA:17,0
LF:8
LH:0
BRF:0
BRH:0
end_of_record
TN:
SF:/Users/shihabudheenus/Documents/shihabudheen-us-news-app/src/components/Details_TitleSection.js
FN:5,TitleSection
FNF:1
FNH:0
FNDA:0,TitleSection
DA:1,0
DA:2,0
DA:3,0
DA:5,0
DA:6,0
DA:15,0
DA:17,0
DA:23,0
LF:8
LH:0
BRDA:10,0,0,0
BRDA:10,0,1,0
BRF:2
BRH:0
end_of_record
TN:
SF:/Users/shihabudheenus/Documents/shihabudheen-us-news-app/src/components/ErrorComponent.js
FN:5,Error
FNF:1
FNH:0
FNDA:0,Error
DA:1,0
DA:2,0
DA:3,0
DA:5,0
DA:6,0
DA:12,0
DA:14,0
LF:7
LH:0
BRF:0
BRH:0
end_of_record
TN:
SF:/Users/shihabudheenus/Documents/shihabudheen-us-news-app/src/components/Home_NewsCard.js
FN:13,ImageContainer
FN:25,IconContainer
FN:31,TitleContainer
FN:65,NewsCard
FN:66,renderSeparator
FN:68,renderItem
FN:72,(anonymous_6)
FN:79,onPress
FN:94,key
FN:95,renderItem
FNF:10
FNH:0
FNDA:0,ImageContainer
FNDA:0,IconContainer
FNDA:0,TitleContainer
FNDA:0,NewsCard
FNDA:0,renderSeparator
FNDA:0,renderItem
FNDA:0,(anonymous_6)
FNDA:0,onPress
FNDA:0,key
FNDA:0,renderItem
DA:1,0
DA:2,0
DA:10,0
DA:11,0
DA:13,0
DA:25,0
DA:31,0
DA:32,0
DA:33,0
DA:65,0
DA:66,0
DA:68,0
DA:69,0
DA:70,0
DA:71,0
DA:72,0
DA:75,0
DA:79,0
DA:88,0
DA:94,0
DA:95,0
DA:99,0
DA:101,0
DA:106,0
LF:24
LH:0
BRF:0
BRH:0
end_of_record
TN:
SF:/Users/shihabudheenus/Documents/shihabudheen-us-news-app/src/components/Link_Section.js
FN:5,LinkSection
FN:9,onPress
FNF:2
FNH:0
FNDA:0,LinkSection
FNDA:0,onPress
DA:1,0
DA:2,0
DA:3,0
DA:5,0
DA:6,0
DA:9,0
DA:14,0
DA:16,0
DA:21,0
LF:9
LH:0
BRF:0
BRH:0
end_of_record
TN:
SF:/Users/shihabudheenus/Documents/shihabudheen-us-news-app/src/components/Loader.js
FN:4,Loader
FNF:1
FNH:0
FNDA:0,Loader
DA:1,0
DA:2,0
DA:4,0
DA:5,0
DA:11,0
DA:12,0
LF:6
LH:0
BRF:0
BRH:0
end_of_record
TN:
SF:/Users/shihabudheenus/Documents/shihabudheen-us-news-app/src/config/actionTypes.js
FNF:0
FNH:0
DA:1,0
DA:2,0
DA:3,0
DA:4,0
LF:4
LH:0
BRF:0
BRH:0
end_of_record
TN:
SF:/Users/shihabudheenus/Documents/shihabudheen-us-news-app/src/config/routes.js
FNF:0
FNH:0
DA:1,0
DA:2,0
DA:3,0
DA:5,0
DA:12,0
LF:5
LH:0
BRF:0
BRH:0
end_of_record
TN:
SF:/Users/shihabudheenus/Documents/shihabudheen-us-news-app/src/constants/colors.js
FNF:0
FNH:0
DA:1,0
DA:3,0
LF:2
LH:0
BRF:0
BRH:0
end_of_record
TN:
SF:/Users/shihabudheenus/Documents/shihabudheen-us-news-app/src/constants/strings.js
FNF:0
FNH:0
DA:1,0
DA:3,0
LF:2
LH:0
BRF:0
BRH:0
end_of_record
TN:
SF:/Users/shihabudheenus/Documents/shihabudheen-us-news-app/src/constants/urls.js
FNF:0
FNH:0
DA:1,0
DA:2,0
LF:2
LH:0
BRF:0
BRH:0
end_of_record
TN:
SF:/Users/shihabudheenus/Documents/shihabudheen-us-news-app/src/utils/httpsUtil.js
FN:5,makeGetCall
FN:8,(anonymous_1)
FN:13,(anonymous_2)
FN:18,makePostCall
FN:20,(anonymous_4)
FN:21,(anonymous_5)
FN:24,makePutCall
FN:26,(anonymous_7)
FN:27,(anonymous_8)
FN:30,handleSuccess
FN:35,handleError
FNF:11
FNH:0
FNDA:0,makeGetCall
FNDA:0,(anonymous_1)
FNDA:0,(anonymous_2)
FNDA:0,makePostCall
FNDA:0,(anonymous_4)
FNDA:0,(anonymous_5)
FNDA:0,makePutCall
FNDA:0,(anonymous_7)
FNDA:0,(anonymous_8)
FNDA:0,handleSuccess
FNDA:0,handleError
DA:1,0
DA:3,0
DA:6,0
DA:7,0
DA:9,0
DA:10,0
DA:11,0
DA:14,0
DA:19,0
DA:20,0
DA:21,0
DA:25,0
DA:26,0
DA:27,0
DA:31,0
DA:32,0
DA:36,0
LF:17
LH:0
BRDA:10,0,0,0
BRDA:10,0,1,0
BRDA:10,0,2,0
BRDA:31,1,0,0
BRDA:31,1,1,0
BRDA:31,2,0,0
BRDA:31,2,1,0
BRDA:31,2,2,0
BRF:8
BRH:0
end_of_record
